<?xml version="1.0" encoding="UTF-8"?>
<!-- Generated by org.testng.reporters.JUnitReportReporter -->
<testsuite ignored="0" hostname="MDM-MAC-15-17358.local" failures="0" tests="1" name="ua.pivdenny.pionmobile.RegistrationTests.RegistrationTest" time="2.764" errors="0" timestamp="09 нояб. 2021 07:33:34 GMT" skipped="0">
  <testcase classname="ua.pivdenny.pionmobile.RegistrationTests.RegistrationTest" name="firstTest" time="2.764"/>
</testsuite> <!-- ua.pivdenny.pionmobile.RegistrationTests.RegistrationTest -->
